# JRE version: OpenJDK Runtime Environment (11.0.13) (build 11.0.13+0-b1751.21-8125866)
# Java VM: OpenJDK 64-Bit Server VM (11.0.13+0-b1751.21-8125866, mixed mode, tiered, compressed oops, g1 gc, windows-amd64)
Heap:
 garbage-first heap   total 834560K, used 246748K [0x0000000080000000, 0x0000000100000000)
  region size 1024K, 7 young (7168K), 7 survivors (7168K)
 Metaspace       used 105753K, capacity 108447K, committed 108496K, reserved 1142784K
  class space    used 13676K, capacity 14671K, committed 14720K, reserved 1048576K
GC Heap History (20 events):
Event: 58.370 GC heap after
{Heap after GC invocations=57 (full 0):
 garbage-first heap   total 189440K, used 162231K [0x0000000080000000, 0x0000000100000000)
  region size 1024K, 2 young (2048K), 2 survivors (2048K)
 Metaspace       used 98940K, capacity 101234K, committed 101456K, reserved 1136640K
  class space    used 12647K, capacity 13505K, committed 13568K, reserved 1048576K
}
Event: 58.429 GC heap before
{Heap before GC invocations=57 (full 0):
 garbage-first heap   total 189440K, used 170423K [0x0000000080000000, 0x0000000100000000)
  region size 1024K, 9 young (9216K), 2 survivors (2048K)
 Metaspace       used 98940K, capacity 101234K, committed 101456K, reserved 1136640K
  class space    used 12647K, capacity 13505K, committed 13568K, reserved 1048576K
}
Event: 58.436 GC heap after
{Heap after GC invocations=58 (full 0):
 garbage-first heap   total 189440K, used 165935K [0x0000000080000000, 0x0000000100000000)
  region size 1024K, 2 young (2048K), 2 survivors (2048K)
 Metaspace       used 98940K, capacity 101234K, committed 101456K, reserved 1136640K
  class space    used 12647K, capacity 13505K, committed 13568K, reserved 1048576K
}
Event: 58.482 GC heap before
{Heap before GC invocations=58 (full 0):
 garbage-first heap   total 189440K, used 172079K [0x0000000080000000, 0x0000000100000000)
  region size 1024K, 9 young (9216K), 2 survivors (2048K)
 Metaspace       used 98940K, capacity 101234K, committed 101456K, reserved 1136640K
  class space    used 12647K, capacity 13505K, committed 13568K, reserved 1048576K
}
Event: 58.493 GC heap after
{Heap after GC invocations=59 (full 0):
 garbage-first heap   total 227328K, used 169523K [0x0000000080000000, 0x0000000100000000)
  region size 1024K, 2 young (2048K), 2 survivors (2048K)
 Metaspace       used 98940K, capacity 101234K, committed 101456K, reserved 1136640K
  class space    used 12647K, capacity 13505K, committed 13568K, reserved 1048576K
}
Event: 58.761 GC heap before
{Heap before GC invocations=60 (full 0):
 garbage-first heap   total 227328K, used 181811K [0x0000000080000000, 0x0000000100000000)
  region size 1024K, 15 young (15360K), 2 survivors (2048K)
 Metaspace       used 101134K, capacity 103578K, committed 103760K, reserved 1138688K
  class space    used 13137K, capacity 14051K, committed 14080K, reserved 1048576K
}
Event: 58.771 GC heap after
{Heap after GC invocations=61 (full 0):
 garbage-first heap   total 227328K, used 173350K [0x0000000080000000, 0x0000000100000000)
  region size 1024K, 2 young (2048K), 2 survivors (2048K)
 Metaspace       used 101134K, capacity 103578K, committed 103760K, reserved 1138688K
  class space    used 13137K, capacity 14051K, committed 14080K, reserved 1048576K
}
Event: 58.808 GC heap before
{Heap before GC invocations=61 (full 0):
 garbage-first heap   total 227328K, used 182566K [0x0000000080000000, 0x0000000100000000)
  region size 1024K, 11 young (11264K), 2 survivors (2048K)
 Metaspace       used 101211K, capacity 103647K, committed 103760K, reserved 1138688K
  class space    used 13138K, capacity 14052K, committed 14080K, reserved 1048576K
}
Event: 58.820 GC heap after
{Heap after GC invocations=62 (full 0):
 garbage-first heap   total 227328K, used 177757K [0x0000000080000000, 0x0000000100000000)
  region size 1024K, 2 young (2048K), 2 survivors (2048K)
 Metaspace       used 101211K, capacity 103647K, committed 103760K, reserved 1138688K
  class space    used 13138K, capacity 14052K, committed 14080K, reserved 1048576K
}
Event: 58.868 GC heap before
{Heap before GC invocations=62 (full 0):
 garbage-first heap   total 227328K, used 189021K [0x0000000080000000, 0x0000000100000000)
  region size 1024K, 13 young (13312K), 2 survivors (2048K)
 Metaspace       used 101224K, capacity 103647K, committed 103760K, reserved 1138688K
  class space    used 13138K, capacity 14052K, committed 14080K, reserved 1048576K
}
Event: 58.877 GC heap after
{Heap after GC invocations=63 (full 0):
 garbage-first heap   total 227328K, used 183627K [0x0000000080000000, 0x0000000100000000)
  region size 1024K, 2 young (2048K), 2 survivors (2048K)
 Metaspace       used 101224K, capacity 103647K, committed 103760K, reserved 1138688K
  class space    used 13138K, capacity 14052K, committed 14080K, reserved 1048576K
}
Event: 58.917 GC heap before
{Heap before GC invocations=63 (full 0):
 garbage-first heap   total 227328K, used 192843K [0x0000000080000000, 0x0000000100000000)
  region size 1024K, 11 young (11264K), 2 survivors (2048K)
 Metaspace       used 101260K, capacity 103713K, committed 103760K, reserved 1138688K
  class space    used 13138K, capacity 14052K, committed 14080K, reserved 1048576K
}
Event: 58.932 GC heap after
{Heap after GC invocations=64 (full 0):
 garbage-first heap   total 450560K, used 188416K [0x0000000080000000, 0x0000000100000000)
  region size 1024K, 2 young (2048K), 2 survivors (2048K)
 Metaspace       used 101260K, capacity 103713K, committed 103760K, reserved 1138688K
  class space    used 13138K, capacity 14052K, committed 14080K, reserved 1048576K
}
Event: 59.533 GC heap before
{Heap before GC invocations=65 (full 0):
 garbage-first heap   total 450560K, used 266240K [0x0000000080000000, 0x0000000100000000)
  region size 1024K, 78 young (79872K), 2 survivors (2048K)
 Metaspace       used 101273K, capacity 103613K, committed 104016K, reserved 1138688K
  class space    used 13095K, capacity 13974K, committed 14080K, reserved 1048576K
}
Event: 59.589 GC heap after
{Heap after GC invocations=66 (full 0):
 garbage-first heap   total 450560K, used 227442K [0x0000000080000000, 0x0000000100000000)
  region size 1024K, 10 young (10240K), 10 survivors (10240K)
 Metaspace       used 101273K, capacity 103613K, committed 104016K, reserved 1138688K
  class space    used 13095K, capacity 13974K, committed 14080K, reserved 1048576K
}
Event: 60.952 GC heap before
{Heap before GC invocations=66 (full 0):
 garbage-first heap   total 450560K, used 294002K [0x0000000080000000, 0x0000000100000000)
  region size 1024K, 76 young (77824K), 10 survivors (10240K)
 Metaspace       used 104443K, capacity 107058K, committed 107344K, reserved 1142784K
  class space    used 13538K, capacity 14517K, committed 14592K, reserved 1048576K
}
Event: 60.969 GC heap after
{Heap after GC invocations=67 (full 0):
 garbage-first heap   total 450560K, used 236824K [0x0000000080000000, 0x0000000100000000)
  region size 1024K, 7 young (7168K), 7 survivors (7168K)
 Metaspace       used 104443K, capacity 107058K, committed 107344K, reserved 1142784K
  class space    used 13538K, capacity 14517K, committed 14592K, reserved 1048576K
}
Event: 61.549 GC heap before
{Heap before GC invocations=67 (full 0):
 garbage-first heap   total 450560K, used 292120K [0x0000000080000000, 0x0000000100000000)
  region size 1024K, 58 young (59392K), 7 survivors (7168K)
 Metaspace       used 104765K, capacity 107397K, committed 107600K, reserved 1142784K
  class space    used 13565K, capacity 14559K, committed 14592K, reserved 1048576K
}
Event: 61.569 GC heap after
{Heap after GC invocations=68 (full 0):
 garbage-first heap   total 450560K, used 245013K [0x0000000080000000, 0x0000000100000000)
  region size 1024K, 4 young (4096K), 4 survivors (4096K)
 Metaspace       used 104765K, capacity 107397K, committed 107600K, reserved 1142784K
  class space    used 13565K, capacity 14559K, committed 14592K, reserved 1048576K
}
Event: 62.848 GC heap before
{Heap before GC invocations=69 (full 0):
 garbage-first heap   total 450560K, used 317717K [0x0000000080000000, 0x0000000100000000)
  region size 1024K, 77 young (78848K), 4 survivors (4096K)
 Metaspace       used 105753K, capacity 108447K, committed 108496K, reserved 1142784K
  class space    used 13676K, capacity 14671K, committed 14720K, reserved 1048576K
}

