# JRE version: OpenJDK Runtime Environment (11.0.13) (build 11.0.13+0-b1751.21-8125866)
# Java VM: OpenJDK 64-Bit Server VM (11.0.13+0-b1751.21-8125866, mixed mode, tiered, compressed oops, g1 gc, windows-amd64)
Heap:
 garbage-first heap   total 189440K, used 129042K [0x0000000080000000, 0x0000000100000000)
  region size 1024K, 19 young (19456K), 2 survivors (2048K)
 Metaspace       used 82211K, capacity 84179K, committed 84348K, reserved 1122304K
  class space    used 10620K, capacity 11376K, committed 11468K, reserved 1048576K
GC Heap History (20 events):
Event: 71.058 GC heap before
{Heap before GC invocations=51 (full 0):
 garbage-first heap   total 131072K, used 111233K [0x0000000080000000, 0x0000000100000000)
  region size 1024K, 8 young (8192K), 1 survivors (1024K)
 Metaspace       used 73333K, capacity 75160K, committed 75260K, reserved 1114112K
  class space    used 9327K, capacity 9988K, committed 10060K, reserved 1048576K
}
Event: 71.064 GC heap after
{Heap after GC invocations=52 (full 0):
 garbage-first heap   total 131072K, used 105478K [0x0000000080000000, 0x0000000100000000)
  region size 1024K, 1 young (1024K), 1 survivors (1024K)
 Metaspace       used 73333K, capacity 75160K, committed 75260K, reserved 1114112K
  class space    used 9327K, capacity 9988K, committed 10060K, reserved 1048576K
}
Event: 71.396 GC heap before
{Heap before GC invocations=53 (full 0):
 garbage-first heap   total 131072K, used 112646K [0x0000000080000000, 0x0000000100000000)
  region size 1024K, 8 young (8192K), 1 survivors (1024K)
 Metaspace       used 73856K, capacity 75726K, committed 75900K, reserved 1116160K
  class space    used 9403K, capacity 10091K, committed 10188K, reserved 1048576K
}
Event: 71.400 GC heap after
{Heap after GC invocations=54 (full 0):
 garbage-first heap   total 131072K, used 105694K [0x0000000080000000, 0x0000000100000000)
  region size 1024K, 1 young (1024K), 1 survivors (1024K)
 Metaspace       used 73856K, capacity 75726K, committed 75900K, reserved 1116160K
  class space    used 9403K, capacity 10091K, committed 10188K, reserved 1048576K
}
Event: 71.687 GC heap before
{Heap before GC invocations=54 (full 0):
 garbage-first heap   total 131072K, used 112862K [0x0000000080000000, 0x0000000100000000)
  region size 1024K, 8 young (8192K), 1 survivors (1024K)
 Metaspace       used 74574K, capacity 76374K, committed 76412K, reserved 1116160K
  class space    used 9493K, capacity 10158K, committed 10188K, reserved 1048576K
}
Event: 71.691 GC heap after
{Heap after GC invocations=55 (full 0):
 garbage-first heap   total 131072K, used 106024K [0x0000000080000000, 0x0000000100000000)
  region size 1024K, 1 young (1024K), 1 survivors (1024K)
 Metaspace       used 74574K, capacity 76374K, committed 76412K, reserved 1116160K
  class space    used 9493K, capacity 10158K, committed 10188K, reserved 1048576K
}
Event: 72.182 GC heap before
{Heap before GC invocations=56 (full 0):
 garbage-first heap   total 131072K, used 113192K [0x0000000080000000, 0x0000000100000000)
  region size 1024K, 8 young (8192K), 1 survivors (1024K)
 Metaspace       used 75079K, capacity 76953K, committed 77052K, reserved 1116160K
  class space    used 9545K, capacity 10222K, committed 10316K, reserved 1048576K
}
Event: 72.185 GC heap after
{Heap after GC invocations=57 (full 0):
 garbage-first heap   total 131072K, used 106505K [0x0000000080000000, 0x0000000100000000)
  region size 1024K, 1 young (1024K), 1 survivors (1024K)
 Metaspace       used 75079K, capacity 76953K, committed 77052K, reserved 1116160K
  class space    used 9545K, capacity 10222K, committed 10316K, reserved 1048576K
}
Event: 72.873 GC heap before
{Heap before GC invocations=57 (full 0):
 garbage-first heap   total 131072K, used 113673K [0x0000000080000000, 0x0000000100000000)
  region size 1024K, 8 young (8192K), 1 survivors (1024K)
 Metaspace       used 75405K, capacity 77384K, committed 77564K, reserved 1116160K
  class space    used 9581K, capacity 10299K, committed 10316K, reserved 1048576K
}
Event: 72.879 GC heap after
{Heap after GC invocations=58 (full 0):
 garbage-first heap   total 157696K, used 107145K [0x0000000080000000, 0x0000000100000000)
  region size 1024K, 1 young (1024K), 1 survivors (1024K)
 Metaspace       used 75405K, capacity 77384K, committed 77564K, reserved 1116160K
  class space    used 9581K, capacity 10299K, committed 10316K, reserved 1048576K
}
Event: 73.186 GC heap before
{Heap before GC invocations=59 (full 0):
 garbage-first heap   total 157696K, used 123529K [0x0000000080000000, 0x0000000100000000)
  region size 1024K, 17 young (17408K), 1 survivors (1024K)
 Metaspace       used 75531K, capacity 77486K, committed 77692K, reserved 1116160K
  class space    used 9606K, capacity 10333K, committed 10444K, reserved 1048576K
}
Event: 73.190 GC heap after
{Heap after GC invocations=60 (full 0):
 garbage-first heap   total 157696K, used 108151K [0x0000000080000000, 0x0000000100000000)
  region size 1024K, 2 young (2048K), 2 survivors (2048K)
 Metaspace       used 75531K, capacity 77486K, committed 77692K, reserved 1116160K
  class space    used 9606K, capacity 10333K, committed 10444K, reserved 1048576K
}
Event: 73.577 GC heap before
{Heap before GC invocations=60 (full 0):
 garbage-first heap   total 157696K, used 125559K [0x0000000080000000, 0x0000000100000000)
  region size 1024K, 19 young (19456K), 2 survivors (2048K)
 Metaspace       used 75568K, capacity 77649K, committed 77948K, reserved 1116160K
  class space    used 9611K, capacity 10367K, committed 10444K, reserved 1048576K
}
Event: 73.587 GC heap after
{Heap after GC invocations=61 (full 0):
 garbage-first heap   total 157696K, used 109467K [0x0000000080000000, 0x0000000100000000)
  region size 1024K, 3 young (3072K), 3 survivors (3072K)
 Metaspace       used 75568K, capacity 77649K, committed 77948K, reserved 1116160K
  class space    used 9611K, capacity 10367K, committed 10444K, reserved 1048576K
}
Event: 74.277 GC heap before
{Heap before GC invocations=62 (full 0):
 garbage-first heap   total 157696K, used 125851K [0x0000000080000000, 0x0000000100000000)
  region size 1024K, 20 young (20480K), 3 survivors (3072K)
 Metaspace       used 76955K, capacity 78994K, committed 79100K, reserved 1118208K
  class space    used 9773K, capacity 10495K, committed 10572K, reserved 1048576K
}
Event: 74.283 GC heap after
{Heap after GC invocations=63 (full 0):
 garbage-first heap   total 157696K, used 111095K [0x0000000080000000, 0x0000000100000000)
  region size 1024K, 3 young (3072K), 3 survivors (3072K)
 Metaspace       used 76955K, capacity 78994K, committed 79100K, reserved 1118208K
  class space    used 9773K, capacity 10495K, committed 10572K, reserved 1048576K
}
Event: 75.104 GC heap before
{Heap before GC invocations=63 (full 0):
 garbage-first heap   total 157696K, used 128503K [0x0000000080000000, 0x0000000100000000)
  region size 1024K, 20 young (20480K), 3 survivors (3072K)
 Metaspace       used 78985K, capacity 80969K, committed 81276K, reserved 1120256K
  class space    used 10129K, capacity 10852K, committed 10956K, reserved 1048576K
}
Event: 75.112 GC heap after
{Heap after GC invocations=64 (full 0):
 garbage-first heap   total 157696K, used 112028K [0x0000000080000000, 0x0000000100000000)
  region size 1024K, 2 young (2048K), 2 survivors (2048K)
 Metaspace       used 78985K, capacity 80969K, committed 81276K, reserved 1120256K
  class space    used 10129K, capacity 10852K, committed 10956K, reserved 1048576K
}
Event: 77.231 GC heap before
{Heap before GC invocations=65 (full 0):
 garbage-first heap   total 157696K, used 128412K [0x0000000080000000, 0x0000000100000000)
  region size 1024K, 19 young (19456K), 2 survivors (2048K)
 Metaspace       used 80888K, capacity 82841K, committed 83068K, reserved 1122304K
  class space    used 10446K, capacity 11173K, committed 11212K, reserved 1048576K
}
Event: 77.237 GC heap after
{Heap after GC invocations=66 (full 0):
 garbage-first heap   total 189440K, used 112658K [0x0000000080000000, 0x0000000100000000)
  region size 1024K, 2 young (2048K), 2 survivors (2048K)
 Metaspace       used 80888K, capacity 82841K, committed 83068K, reserved 1122304K
  class space    used 10446K, capacity 11173K, committed 11212K, reserved 1048576K
}

