# JRE version: OpenJDK Runtime Environment (11.0.13) (build 11.0.13+0-b1751.21-8125866)
# Java VM: OpenJDK 64-Bit Server VM (11.0.13+0-b1751.21-8125866, mixed mode, tiered, compressed oops, g1 gc, windows-amd64)
Heap:
 garbage-first heap   total 412672K, used 274868K [0x0000000080000000, 0x0000000100000000)
  region size 1024K, 12 young (12288K), 5 survivors (5120K)
 Metaspace       used 133469K, capacity 137251K, committed 138064K, reserved 1169408K
  class space    used 16723K, capacity 18135K, committed 18688K, reserved 1048576K
GC Heap History (20 events):
Event: 233.070 GC heap before
{Heap before GC invocations=143 (full 0):
 garbage-first heap   total 317440K, used 255744K [0x0000000080000000, 0x0000000100000000)
  region size 1024K, 39 young (39936K), 7 survivors (7168K)
 Metaspace       used 133058K, capacity 136820K, committed 137808K, reserved 1169408K
  class space    used 16696K, capacity 18093K, committed 18688K, reserved 1048576K
}
Event: 233.100 GC heap after
{Heap after GC invocations=144 (full 0):
 garbage-first heap   total 317440K, used 240640K [0x0000000080000000, 0x0000000100000000)
  region size 1024K, 5 young (5120K), 5 survivors (5120K)
 Metaspace       used 133058K, capacity 136820K, committed 137808K, reserved 1169408K
  class space    used 16696K, capacity 18093K, committed 18688K, reserved 1048576K
}
Event: 233.140 GC heap before
{Heap before GC invocations=144 (full 0):
 garbage-first heap   total 317440K, used 262144K [0x0000000080000000, 0x0000000100000000)
  region size 1024K, 27 young (27648K), 5 survivors (5120K)
 Metaspace       used 133065K, capacity 136821K, committed 137808K, reserved 1169408K
  class space    used 16696K, capacity 18093K, committed 18688K, reserved 1048576K
}
Event: 233.156 GC heap after
{Heap after GC invocations=145 (full 0):
 garbage-first heap   total 317440K, used 253785K [0x0000000080000000, 0x0000000100000000)
  region size 1024K, 4 young (4096K), 4 survivors (4096K)
 Metaspace       used 133065K, capacity 136821K, committed 137808K, reserved 1169408K
  class space    used 16696K, capacity 18093K, committed 18688K, reserved 1048576K
}
Event: 233.224 GC heap before
{Heap before GC invocations=145 (full 0):
 garbage-first heap   total 317440K, used 267097K [0x0000000080000000, 0x0000000100000000)
  region size 1024K, 18 young (18432K), 4 survivors (4096K)
 Metaspace       used 133065K, capacity 136821K, committed 137808K, reserved 1169408K
  class space    used 16696K, capacity 18093K, committed 18688K, reserved 1048576K
}
Event: 233.235 GC heap after
{Heap after GC invocations=146 (full 0):
 garbage-first heap   total 317440K, used 261795K [0x0000000080000000, 0x0000000100000000)
  region size 1024K, 3 young (3072K), 3 survivors (3072K)
 Metaspace       used 133065K, capacity 136821K, committed 137808K, reserved 1169408K
  class space    used 16696K, capacity 18093K, committed 18688K, reserved 1048576K
}
Event: 233.639 GC heap before
{Heap before GC invocations=146 (full 0):
 garbage-first heap   total 317440K, used 274083K [0x0000000080000000, 0x0000000100000000)
  region size 1024K, 15 young (15360K), 3 survivors (3072K)
 Metaspace       used 133145K, capacity 136844K, committed 137808K, reserved 1169408K
  class space    used 16703K, capacity 18100K, committed 18688K, reserved 1048576K
}
Event: 233.654 GC heap after
{Heap after GC invocations=147 (full 0):
 garbage-first heap   total 317440K, used 267728K [0x0000000080000000, 0x0000000100000000)
  region size 1024K, 2 young (2048K), 2 survivors (2048K)
 Metaspace       used 133145K, capacity 136844K, committed 137808K, reserved 1169408K
  class space    used 16703K, capacity 18100K, committed 18688K, reserved 1048576K
}
Event: 233.911 GC heap before
{Heap before GC invocations=147 (full 0):
 garbage-first heap   total 317440K, used 280016K [0x0000000080000000, 0x0000000100000000)
  region size 1024K, 15 young (15360K), 2 survivors (2048K)
 Metaspace       used 133170K, capacity 136918K, committed 137808K, reserved 1169408K
  class space    used 16703K, capacity 18100K, committed 18688K, reserved 1048576K
}
Event: 233.925 GC heap after
{Heap after GC invocations=148 (full 0):
 garbage-first heap   total 317440K, used 269058K [0x0000000080000000, 0x0000000100000000)
  region size 1024K, 1 young (1024K), 1 survivors (1024K)
 Metaspace       used 133170K, capacity 136918K, committed 137808K, reserved 1169408K
  class space    used 16703K, capacity 18100K, committed 18688K, reserved 1048576K
}
Event: 234.220 GC heap before
{Heap before GC invocations=149 (full 0):
 garbage-first heap   total 317440K, used 283394K [0x0000000080000000, 0x0000000100000000)
  region size 1024K, 15 young (15360K), 1 survivors (1024K)
 Metaspace       used 133329K, capacity 137109K, committed 138064K, reserved 1169408K
  class space    used 16726K, capacity 18140K, committed 18688K, reserved 1048576K
}
Event: 234.225 GC heap after
{Heap after GC invocations=150 (full 0):
 garbage-first heap   total 317440K, used 270974K [0x0000000080000000, 0x0000000100000000)
  region size 1024K, 2 young (2048K), 2 survivors (2048K)
 Metaspace       used 133329K, capacity 137109K, committed 138064K, reserved 1169408K
  class space    used 16726K, capacity 18140K, committed 18688K, reserved 1048576K
}
Event: 234.320 GC heap before
{Heap before GC invocations=150 (full 0):
 garbage-first heap   total 317440K, used 284286K [0x0000000080000000, 0x0000000100000000)
  region size 1024K, 15 young (15360K), 2 survivors (2048K)
 Metaspace       used 133347K, capacity 137115K, committed 138064K, reserved 1169408K
  class space    used 16726K, capacity 18140K, committed 18688K, reserved 1048576K
}
Event: 234.337 GC heap after
{Heap after GC invocations=151 (full 0):
 garbage-first heap   total 317440K, used 265620K [0x0000000080000000, 0x0000000100000000)
  region size 1024K, 2 young (2048K), 2 survivors (2048K)
 Metaspace       used 133347K, capacity 137115K, committed 138064K, reserved 1169408K
  class space    used 16726K, capacity 18140K, committed 18688K, reserved 1048576K
}
Event: 234.421 GC heap before
{Heap before GC invocations=151 (full 0):
 garbage-first heap   total 317440K, used 278932K [0x0000000080000000, 0x0000000100000000)
  region size 1024K, 15 young (15360K), 2 survivors (2048K)
 Metaspace       used 133356K, capacity 137117K, committed 138064K, reserved 1169408K
  class space    used 16726K, capacity 18140K, committed 18688K, reserved 1048576K
}
Event: 234.430 GC heap after
{Heap after GC invocations=152 (full 0):
 garbage-first heap   total 317440K, used 268254K [0x0000000080000000, 0x0000000100000000)
  region size 1024K, 2 young (2048K), 2 survivors (2048K)
 Metaspace       used 133356K, capacity 137117K, committed 138064K, reserved 1169408K
  class space    used 16726K, capacity 18140K, committed 18688K, reserved 1048576K
}
Event: 234.535 GC heap before
{Heap before GC invocations=152 (full 0):
 garbage-first heap   total 317440K, used 281566K [0x0000000080000000, 0x0000000100000000)
  region size 1024K, 15 young (15360K), 2 survivors (2048K)
 Metaspace       used 133415K, capacity 137192K, committed 138064K, reserved 1169408K
  class space    used 16726K, capacity 18140K, committed 18688K, reserved 1048576K
}
Event: 234.541 GC heap after
{Heap after GC invocations=153 (full 0):
 garbage-first heap   total 317440K, used 268888K [0x0000000080000000, 0x0000000100000000)
  region size 1024K, 1 young (1024K), 1 survivors (1024K)
 Metaspace       used 133415K, capacity 137192K, committed 138064K, reserved 1169408K
  class space    used 16726K, capacity 18140K, committed 18688K, reserved 1048576K
}
Event: 234.732 GC heap before
{Heap before GC invocations=153 (full 0):
 garbage-first heap   total 317440K, used 283224K [0x0000000080000000, 0x0000000100000000)
  region size 1024K, 15 young (15360K), 1 survivors (1024K)
 Metaspace       used 133429K, capacity 137192K, committed 138064K, reserved 1169408K
  class space    used 16726K, capacity 18140K, committed 18688K, reserved 1048576K
}
Event: 234.748 GC heap after
{Heap after GC invocations=154 (full 0):
 garbage-first heap   total 412672K, used 270411K [0x0000000080000000, 0x0000000100000000)
  region size 1024K, 2 young (2048K), 2 survivors (2048K)
 Metaspace       used 133429K, capacity 137192K, committed 138064K, reserved 1169408K
  class space    used 16726K, capacity 18140K, committed 18688K, reserved 1048576K
}

